<?xml version="1.0" encoding="UTF-8"?>
<testng-results ignored="0" total="2" passed="2" failed="0" skipped="0">
  <reporter-output>
  </reporter-output>
  <suite started-at="2023-06-16T12:54:38 IST" name="Default suite" finished-at="2023-06-16T12:54:46 IST" duration-ms="8240">
    <groups>
    </groups>
    <test started-at="2023-06-16T12:54:38 IST" name="Default test" finished-at="2023-06-16T12:54:46 IST" duration-ms="8240">
      <class name="com.test.scripts.TestClass">
        <test-method is-config="true" signature="setUP()[pri:0, instance:com.test.scripts.TestClass@1a245833]" started-at="2023-06-16T12:54:38 IST" name="setUP" finished-at="2023-06-16T12:54:44 IST" duration-ms="6331" status="PASS">
          <reporter-output>
          </reporter-output>
        </test-method> <!-- setUP -->
        <test-method signature="verifyinvalidLogin()[pri:0, instance:com.test.scripts.TestClass@1a245833]" started-at="2023-06-16T12:54:44 IST" name="verifyinvalidLogin" finished-at="2023-06-16T12:54:45 IST" duration-ms="937" status="PASS">
          <reporter-output>
          </reporter-output>
        </test-method> <!-- verifyinvalidLogin -->
        <test-method signature="verifyvalidLgin()[pri:0, instance:com.test.scripts.TestClass@1a245833]" started-at="2023-06-16T12:54:45 IST" name="verifyvalidLgin" finished-at="2023-06-16T12:54:46 IST" duration-ms="294" status="PASS">
          <reporter-output>
          </reporter-output>
        </test-method> <!-- verifyvalidLgin -->
        <test-method is-config="true" signature="tearDown()[pri:0, instance:com.test.scripts.TestClass@1a245833]" started-at="2023-06-16T12:54:46 IST" name="tearDown" finished-at="2023-06-16T12:54:46 IST" duration-ms="639" status="PASS">
          <reporter-output>
          </reporter-output>
        </test-method> <!-- tearDown -->
      </class> <!-- com.test.scripts.TestClass -->
    </test> <!-- Default test -->
  </suite> <!-- Default suite -->
</testng-results>
